<?xml version="1.0" encoding="UTF-8"?>
<testsuite name="com.verumomnis.tests.ContradictionBrainIntegrationTest" tests="1" skipped="0" failures="0" errors="0" timestamp="2025-10-18T00:28:23.778Z" hostname="codespaces-c4ceb1" time="0.003">
  <properties/>
  <testcase name="testContradictionBrainProducesPositiveResult()" classname="com.verumomnis.tests.ContradictionBrainIntegrationTest" time="0.003"/>
  <system-out><![CDATA[]]></system-out>
  <system-err><![CDATA[]]></system-err>
</testsuite>
